build/app/intermediates/manifest_merge_blame_file/debug/manifest-merger-blame-debug-report.txt
1<?xml version="1.0" encoding="utf-8"?>
2<manifest xmlns:android="http://schemas.android.com/apk/res/android"
3    package="com.example.flutter_application_1"
4    android:versionCode="1"
5    android:versionName="0.1.0" >
6
7    <uses-sdk
8        android:minSdkVersion="16"
9        android:targetSdkVersion="33" />
10    <!--
11         The INTERNET permission is required for development. Specifically,
12         the Flutter tool needs it to communicate with the running application
13         to allow setting breakpoints, to provide hot reload, etc.
14    -->
15    <uses-permission android:name="android.permission.INTERNET" />
15-->src\debug\AndroidManifest.xml:6:5-66
15-->src\debug\AndroidManifest.xml:6:22-64
16    <uses-permission android:name="android.permission.CAMERA" />
16-->[:qrscan] AndroidManifest.xml:9:5-65
16-->[:qrscan] AndroidManifest.xml:9:22-62
17    <uses-permission android:name="android.permission.VIBRATE" />
17-->[:qrscan] AndroidManifest.xml:10:5-66
17-->[:qrscan] AndroidManifest.xml:10:22-63
18    <uses-permission android:name="android.permission.FLASHLIGHT" />
18-->[:qrscan] AndroidManifest.xml:11:5-69
18-->[:qrscan] AndroidManifest.xml:11:22-66
19
20    <uses-feature android:name="android.hardware.camera" />
20-->[:qrscan] AndroidManifest.xml:13:5-60
20-->[:qrscan] AndroidManifest.xml:13:19-57
21    <uses-feature android:name="android.hardware.camera.autofocus" />
21-->[:qrscan] AndroidManifest.xml:14:5-70
21-->[:qrscan] AndroidManifest.xml:14:19-67
22
23    <uses-permission android:name="android.permission.WAKE_LOCK" />
23-->[:qrscan] AndroidManifest.xml:16:5-68
23-->[:qrscan] AndroidManifest.xml:16:22-65
24    <uses-permission android:name="android.permission.READ_EXTERNAL_STORAGE" />
24-->[:qrscan] AndroidManifest.xml:17:5-80
24-->[:qrscan] AndroidManifest.xml:17:22-77
25    <uses-permission android:name="android.permission.WRITE_EXTERNAL_STORAGE" />
25-->[:qrscan] AndroidManifest.xml:18:5-81
25-->[:qrscan] AndroidManifest.xml:18:22-78
26
27    <application
28        android:name="android.app.Application"
29        android:allowBackup="true"
29-->[com.github.leyan95:android-zxingLibrary:0.1.4-PRE] AndroidManifest.xml:13:18-44
30        android:appComponentFactory="androidx.core.app.CoreComponentFactory"
30-->[androidx.core:core:1.6.0] AndroidManifest.xml:24:18-86
31        android:debuggable="true"
32        android:icon="@mipmap/ic_launcher"
33        android:label="flutter_application_1" >
34        <activity
35            android:name="com.example.flutter_application_1.MainActivity"
36            android:configChanges="orientation|keyboardHidden|keyboard|screenSize|smallestScreenSize|locale|layoutDirection|fontScale|screenLayout|density|uiMode"
37            android:exported="true"
38            android:hardwareAccelerated="true"
39            android:launchMode="singleTop"
40            android:theme="@style/LaunchTheme"
41            android:windowSoftInputMode="adjustResize" >
42
43            <!--
44                 Specifies an Android theme to apply to this Activity as soon as
45                 the Android process has started. This theme is visible to the user
46                 while the Flutter UI initializes. After that, this theme continues
47                 to determine the Window background behind the Flutter UI.
48            -->
49            <meta-data
50                android:name="io.flutter.embedding.android.NormalTheme"
51                android:resource="@style/NormalTheme" />
52
53            <intent-filter>
54                <action android:name="android.intent.action.MAIN" />
55
56                <category android:name="android.intent.category.LAUNCHER" />
57            </intent-filter>
58        </activity>
59        <!--
60             Don't delete the meta-data below.
61             This is used by the Flutter tool to generate GeneratedPluginRegistrant.java
62        -->
63        <meta-data
63-->[:qrscan] AndroidManifest.xml:25:13-27:37
64            android:name="flutterEmbedding"
64-->[:qrscan] AndroidManifest.xml:26:17-48
65            android:value="2" />
65-->[:qrscan] AndroidManifest.xml:27:17-34
66
67        <activity
67-->[:qrscan] AndroidManifest.xml:22:9-28:20
68            android:name="com.shinow.qrscan.SecondActivity"
68-->[:qrscan] AndroidManifest.xml:23:13-60
69            android:theme="@style/Theme.AppCompat.NoActionBar" >
69-->[:qrscan] AndroidManifest.xml:24:13-63
70            <meta-data
70-->[:qrscan] AndroidManifest.xml:25:13-27:37
71                android:name="flutterEmbedding"
71-->[:qrscan] AndroidManifest.xml:26:17-48
72                android:value="2" />
72-->[:qrscan] AndroidManifest.xml:27:17-34
73        </activity>
74
75        <uses-library
75-->[androidx.window:window:1.0.0-beta04] AndroidManifest.xml:25:9-27:40
76            android:name="androidx.window.extensions"
76-->[androidx.window:window:1.0.0-beta04] AndroidManifest.xml:26:13-54
77            android:required="false" />
77-->[androidx.window:window:1.0.0-beta04] AndroidManifest.xml:27:13-37
78        <uses-library
78-->[androidx.window:window:1.0.0-beta04] AndroidManifest.xml:28:9-30:40
79            android:name="androidx.window.sidecar"
79-->[androidx.window:window:1.0.0-beta04] AndroidManifest.xml:29:13-51
80            android:required="false" />
80-->[androidx.window:window:1.0.0-beta04] AndroidManifest.xml:30:13-37
81
82        <provider
82-->[com.squareup.picasso:picasso:2.71828] AndroidManifest.xml:8:9-11:40
83            android:name="com.squareup.picasso.PicassoProvider"
83-->[com.squareup.picasso:picasso:2.71828] AndroidManifest.xml:9:13-64
84            android:authorities="com.example.flutter_application_1.com.squareup.picasso"
84-->[com.squareup.picasso:picasso:2.71828] AndroidManifest.xml:10:13-72
85            android:exported="false" />
85-->[com.squareup.picasso:picasso:2.71828] AndroidManifest.xml:11:13-37
86
87        <activity
87-->[pub.devrel:easypermissions:3.0.0] AndroidManifest.xml:12:9-16:66
88            android:name="pub.devrel.easypermissions.AppSettingsDialogHolderActivity"
88-->[pub.devrel:easypermissions:3.0.0] AndroidManifest.xml:13:13-86
89            android:exported="false"
89-->[pub.devrel:easypermissions:3.0.0] AndroidManifest.xml:14:13-37
90            android:label=""
90-->[pub.devrel:easypermissions:3.0.0] AndroidManifest.xml:15:13-29
91            android:theme="@style/EasyPermissions.Transparent" />
91-->[pub.devrel:easypermissions:3.0.0] AndroidManifest.xml:16:13-63
92        <activity
92-->[com.github.leyan95:android-zxingLibrary:0.1.4-PRE] AndroidManifest.xml:14:9-19:63
93            android:name="com.uuzuche.lib_zxing.activity.CaptureActivity"
93-->[com.github.leyan95:android-zxingLibrary:0.1.4-PRE] AndroidManifest.xml:15:13-74
94            android:configChanges="orientation|keyboardHidden"
94-->[com.github.leyan95:android-zxingLibrary:0.1.4-PRE] AndroidManifest.xml:16:13-63
95            android:screenOrientation="portrait"
95-->[com.github.leyan95:android-zxingLibrary:0.1.4-PRE] AndroidManifest.xml:17:13-49
96            android:theme="@style/Theme.AppCompat.NoActionBar"
96-->[com.github.leyan95:android-zxingLibrary:0.1.4-PRE] AndroidManifest.xml:18:13-63
97            android:windowSoftInputMode="stateAlwaysHidden" />
97-->[com.github.leyan95:android-zxingLibrary:0.1.4-PRE] AndroidManifest.xml:19:13-60
98    </application>
99
100</manifest>